<?xml version="1.0" encoding="UTF-8"?>
<testsuite xmlns:xsi="http://www.w3.org/2001/XMLSchema-instance" xsi:noNamespaceSchemaLocation="https://maven.apache.org/surefire/maven-surefire-plugin/xsd/surefire-test-report.xsd" name="test.java.ua.lviv.iot.PhotographerDeviceManagerTest" time="0.111" tests="3" errors="0" skipped="0" failures="0">
  <properties>
[...]
</properties>
  <testcase name="testSortBySize" classname="test.java.ua.lviv.iot.PhotographerDeviceManagerTest" time="0.042"/>
  <testcase name="testSortByWeight" classname="test.java.ua.lviv.iot.PhotographerDeviceManagerTest" time="0.006"/>
  <testcase name="findEssentialDevicesForNatureByTarget" classname="test.java.ua.lviv.iot.PhotographerDeviceManagerTest" time="0.01"/>
</testsuite>